<?xml version="1.0" encoding="UTF-8"?>
<testng-results ignored="0" total="1" passed="1" failed="0" skipped="0">
  <reporter-output>
  </reporter-output>
  <suite started-at="2024-10-22T11:56:49Z" name="Default suite" finished-at="2024-10-22T11:57:07Z" duration-ms="17845">
    <groups>
      <group name="cucumber">
        <method signature="AbstractTestNGCucumberTests.runScenario(cucumber.api.testng.PickleEventWrapper, cucumber.api.testng.CucumberFeatureWrapper)[pri:0, instance:Runner_Class_Meesho.Runner_Meesho@363a52f]" name="runScenario" class="cucumber.api.testng.AbstractTestNGCucumberTests"/>
      </group> <!-- cucumber -->
    </groups>
    <test started-at="2024-10-22T11:56:49Z" name="Default test" finished-at="2024-10-22T11:57:07Z" duration-ms="17845">
      <class name="Runner_Class_Meesho.Runner_Meesho">
        <test-method is-config="true" signature="setUpClass()[pri:0, instance:Runner_Class_Meesho.Runner_Meesho@363a52f]" started-at="2024-10-22T11:56:49Z" name="setUpClass" finished-at="2024-10-22T11:56:50Z" duration-ms="194" status="PASS">
          <reporter-output>
          </reporter-output>
        </test-method> <!-- setUpClass -->
        <test-method signature="runScenario(cucumber.api.testng.PickleEventWrapper, cucumber.api.testng.CucumberFeatureWrapper)[pri:0, instance:Runner_Class_Meesho.Runner_Meesho@363a52f]" started-at="2024-10-22T11:56:50Z" name="runScenario" description="Runs Cucumber Scenarios" data-provider="scenarios" finished-at="2024-10-22T11:57:07Z" duration-ms="17478" status="PASS">
          <params>
            <param index="0">
              <value>
                <![CDATA["Add to cart"]]>
              </value>
            </param>
            <param index="1">
              <value>
                <![CDATA["Meesho application"]]>
              </value>
            </param>
          </params>
          <reporter-output>
          </reporter-output>
        </test-method> <!-- runScenario -->
        <test-method is-config="true" signature="tearDownClass()[pri:0, instance:Runner_Class_Meesho.Runner_Meesho@363a52f]" started-at="2024-10-22T11:57:07Z" name="tearDownClass" finished-at="2024-10-22T11:57:07Z" duration-ms="131" status="PASS">
          <reporter-output>
          </reporter-output>
        </test-method> <!-- tearDownClass -->
      </class> <!-- Runner_Class_Meesho.Runner_Meesho -->
    </test> <!-- Default test -->
  </suite> <!-- Default suite -->
</testng-results>
